[2023-08-09T14:11:19.103740+02:00] PHP_BASICS.INFO: SELECT * FROM tasks [] []
[2023-08-09T14:11:28.108358+02:00] PHP_BASICS.INFO: SELECT * FROM tasks [] []
[2023-08-09T14:11:31.333080+02:00] PHP_BASICS.INFO: INSERT INTO tasks (description) VALUES (?) [] []
[2023-08-09T14:11:31.515957+02:00] PHP_BASICS.INFO: SELECT * FROM tasks [] []
[2023-08-09T14:11:33.531964+02:00] PHP_BASICS.INFO: UPDATE tasks SET completed = ?  WHERE id = 1 [] []
[2023-08-09T14:11:34.011313+02:00] PHP_BASICS.INFO: SELECT * FROM tasks [] []
[2023-08-09T14:11:35.491157+02:00] PHP_BASICS.INFO: UPDATE tasks SET completed = ?  WHERE id = 1 [] []
[2023-08-09T14:11:35.645312+02:00] PHP_BASICS.INFO: SELECT * FROM tasks [] []
[2023-08-09T14:11:36.248930+02:00] PHP_BASICS.INFO: UPDATE tasks SET completed = ?  WHERE id = 1 [] []
[2023-08-09T14:11:36.417022+02:00] PHP_BASICS.INFO: SELECT * FROM tasks [] []
[2023-08-09T14:11:36.954921+02:00] PHP_BASICS.INFO: UPDATE tasks SET completed = ?  WHERE id = 1 [] []
[2023-08-09T14:11:37.174018+02:00] PHP_BASICS.INFO: SELECT * FROM tasks [] []
[2023-08-09T14:11:38.313422+02:00] PHP_BASICS.INFO: SELECT * FROM tasks WHERE completed = 0 [] []
[2023-08-09T14:11:39.577300+02:00] PHP_BASICS.INFO: UPDATE tasks SET completed = ?  WHERE id = 1 [] []
[2023-08-09T14:11:39.670099+02:00] PHP_BASICS.INFO: SELECT * FROM tasks WHERE completed = 0 [] []
[2023-08-09T14:11:41.208571+02:00] PHP_BASICS.INFO: SELECT * FROM tasks WHERE completed = 0 [] []
[2023-08-09T14:11:42.041366+02:00] PHP_BASICS.INFO: SELECT * FROM tasks WHERE completed = 1 [] []
[2023-08-09T14:11:53.235032+02:00] PHP_BASICS.INFO: SELECT * FROM tasks WHERE completed = 1 [] []
[2023-08-09T14:14:37.671624+02:00] PHP_BASICS.INFO: SELECT * FROM tasks WHERE completed = 1 [] []
[2023-08-09T14:15:07.582869+02:00] PHP_BASICS.INFO: SELECT * FROM tasks WHERE completed = 1 [] []
[2023-08-09T14:15:11.527745+02:00] PHP_BASICS.INFO: SELECT * FROM tasks WHERE completed = 1 [] []
[2023-08-09T14:15:17.847277+02:00] PHP_BASICS.INFO: SELECT * FROM tasks WHERE completed = 1 [] []
[2023-08-09T14:15:29.510138+02:00] PHP_BASICS.INFO: SELECT * FROM tasks WHERE completed = 1 [] []
[2023-08-09T14:15:31.025542+02:00] PHP_BASICS.INFO: SELECT * FROM tasks WHERE completed = 0 [] []
[2023-08-09T14:18:00.203325+02:00] PHP_BASICS.INFO: SELECT * FROM tasks WHERE completed = 0 [] []
[2023-08-09T14:18:15.180388+02:00] PHP_BASICS.INFO: SELECT * FROM tasks WHERE completed = 0 [] []
[2023-08-09T14:18:43.872271+02:00] PHP_BASICS.INFO: SELECT * FROM tasks WHERE completed = 0 [] []
[2023-08-09T14:19:04.953589+02:00] PHP_BASICS.INFO: SELECT * FROM tasks WHERE completed = 0 [] []
[2023-08-09T14:22:57.465921+02:00] PHP_BASICS.INFO: SELECT * FROM tasks WHERE completed = 0 [] []
[2023-08-09T14:22:58.013354+02:00] PHP_BASICS.INFO: SELECT * FROM tasks [] []
[2023-08-09T14:22:59.022995+02:00] PHP_BASICS.INFO: SELECT * FROM tasks WHERE completed = 0 [] []
[2023-08-09T14:22:59.697930+02:00] PHP_BASICS.INFO: SELECT * FROM tasks WHERE completed = 1 [] []
[2023-08-09T14:23:00.338528+02:00] PHP_BASICS.INFO: SELECT * FROM tasks WHERE completed = 0 [] []
[2023-08-09T14:23:00.881089+02:00] PHP_BASICS.INFO: SELECT * FROM tasks WHERE completed = 0 [] []
[2023-08-09T14:23:01.901607+02:00] PHP_BASICS.INFO: SELECT * FROM tasks [] []
[2023-08-09T14:23:02.979315+02:00] PHP_BASICS.INFO: SELECT * FROM tasks WHERE completed = 0 [] []
[2023-08-09T14:23:03.400806+02:00] PHP_BASICS.INFO: SELECT * FROM tasks WHERE completed = 1 [] []
[2023-08-09T14:23:03.816173+02:00] PHP_BASICS.INFO: SELECT * FROM tasks WHERE completed = 0 [] []
[2023-08-09T14:23:04.326562+02:00] PHP_BASICS.INFO: SELECT * FROM tasks [] []
[2023-08-09T14:23:06.238865+02:00] PHP_BASICS.INFO: SELECT * FROM tasks [] []
[2023-08-09T14:23:06.649918+02:00] PHP_BASICS.INFO: SELECT * FROM tasks WHERE completed = 0 [] []
[2023-08-09T14:23:07.338813+02:00] PHP_BASICS.INFO: SELECT * FROM tasks WHERE completed = 1 [] []
[2023-08-09T14:23:08.024094+02:00] PHP_BASICS.INFO: SELECT * FROM tasks WHERE completed = 0 [] []
[2023-08-09T14:23:09.158256+02:00] PHP_BASICS.INFO: SELECT * FROM tasks [] []
[2023-08-09T14:23:10.242176+02:00] PHP_BASICS.INFO: SELECT * FROM tasks WHERE completed = 1 [] []
[2023-08-09T14:23:11.300810+02:00] PHP_BASICS.INFO: SELECT * FROM tasks [] []
[2023-08-09T14:23:19.378557+02:00] PHP_BASICS.INFO: SELECT * FROM tasks [] []
[2023-08-09T14:23:20.116131+02:00] PHP_BASICS.INFO: SELECT * FROM tasks [] []
[2023-08-09T14:23:20.680304+02:00] PHP_BASICS.INFO: SELECT * FROM tasks WHERE completed = 0 [] []
[2023-08-09T14:23:21.301140+02:00] PHP_BASICS.INFO: SELECT * FROM tasks [] []
[2023-08-09T14:23:22.169109+02:00] PHP_BASICS.INFO: SELECT * FROM tasks WHERE completed = 1 [] []
[2023-08-09T14:23:23.377706+02:00] PHP_BASICS.INFO: SELECT * FROM tasks WHERE completed = 0 [] []
[2023-08-09T14:23:25.428081+02:00] PHP_BASICS.INFO: SELECT * FROM tasks [] []
[2023-08-09T14:23:31.796152+02:00] PHP_BASICS.INFO: INSERT INTO tasks (description) VALUES (?) [] []
[2023-08-09T14:23:32.236466+02:00] PHP_BASICS.INFO: SELECT * FROM tasks [] []
[2023-08-09T14:23:33.978310+02:00] PHP_BASICS.INFO: SELECT * FROM tasks WHERE completed = 0 [] []
[2023-08-09T14:23:34.822003+02:00] PHP_BASICS.INFO: SELECT * FROM tasks WHERE completed = 1 [] []
[2023-08-09T14:23:35.605422+02:00] PHP_BASICS.INFO: SELECT * FROM tasks [] []
[2023-08-09T14:23:38.393457+02:00] PHP_BASICS.INFO: DELETE FROM tasks WHERE id = 2 [] []
[2023-08-09T14:23:38.689072+02:00] PHP_BASICS.INFO: SELECT * FROM tasks [] []
[2023-08-09T14:23:40.561847+02:00] PHP_BASICS.INFO: DELETE FROM tasks WHERE id = 1 [] []
[2023-08-09T14:23:40.732662+02:00] PHP_BASICS.INFO: SELECT * FROM tasks [] []
